24/05/04 15:30:06 WARN Utils: Your hostname, CENGR-2M67SY3 resolves to a loopback address: 127.0.1.1; using 172.23.227.75 instead (on interface eth0)
24/05/04 15:30:06 WARN Utils: Set SPARK_LOCAL_IP if you need to bind to another address
24/05/04 15:30:07 WARN NativeCodeLoader: Unable to load native-hadoop library for your platform... using builtin-java classes where applicable
+--------+--------------------+-----+------------------+
|tweet_id|           safe_text|label|         agreement|
+--------+--------------------+-----+------------------+
|CL1KWCMY|Me &amp; The Big ...|  0.0|               1.0|
|E3303EME|I'm 100% thinking...|  1.0|               1.0|
|M4IVFSMS|#whatcausesautism...| -1.0|               1.0|
|1DR6ROZ4|I mean if they im...| -1.0|               1.0|
|J77ENIIE|Thanks to <user> ...|  0.0|               1.0|
|OVNPOAUX|<user> a nearly 6...|  1.0|0.6666666666666666|
|JDA2QDV5|Study of more tha...|  1.0|0.6666666666666666|
|S6UKR4OJ|psa: VACCINATE YO...|  1.0|               1.0|
|V6IJATBE|Coughing extra on...|  1.0|0.6666666666666666|
|VB25IDQK|AIDS vaccine crea...|  1.0|0.6666666666666666|
|PEM9KSVV|<user> @ this poi...|  0.0|               1.0|
|TTLQWD2R|My prediction, va...|  0.0|0.6666666666666666|
|0STNE2MG|Getting my vaccin...|  1.0|               1.0|
|9SCBVTZP|1$Mug Noche <user...|  0.0|               1.0|
|H31NBXJW|Got my Influenza ...|  1.0|0.6666666666666666|
|HN8KBV0K|SB121 [Enroll] Me...|  0.0|0.6666666666666666|
|NLNBQ85U|Increasing number...|  0.0|               1.0|
|XLA9CL37|<user> Thank you ...|  1.0|               1.0|
|KVQBJBAU|Dude idc if Disne...|  0.0|               1.0|
|CDFY1QGD|BeefTalk: Start y...|  1.0|               1.0|
+--------+--------------------+-----+------------------+
only showing top 20 rows

